<?xml version="1.0" encoding="UTF-8"?>
<testng-results skipped="0" failed="0" total="2" passed="2">
  <reporter-output>
  </reporter-output>
  <suite name="Suite" duration-ms="26926" started-at="2017-08-01T17:37:51Z" finished-at="2017-08-01T17:38:17Z">
    <groups>
    </groups>
    <test name="Test" duration-ms="26926" started-at="2017-08-01T17:37:51Z" finished-at="2017-08-01T17:38:17Z">
      <class name="GroupRun.Test123.WindowTest">
        <test-method status="PASS" signature="main()[pri:0, instance:GroupRun.Test123.WindowTest@5419f379]" name="main" duration-ms="11262" started-at="2017-08-01T23:08:06Z" finished-at="2017-08-01T23:08:17Z">
          <reporter-output>
          </reporter-output>
        </test-method> <!-- main -->
      </class> <!-- GroupRun.Test123.WindowTest -->
      <class name="GroupRun.Test123.JenkinToast">
        <test-method status="PASS" signature="beforeMethod()[pri:0, instance:GroupRun.Test123.JenkinToast@100fc185]" name="beforeMethod" is-config="true" duration-ms="6649" started-at="2017-08-01T23:07:51Z" finished-at="2017-08-01T23:07:57Z">
          <reporter-output>
          </reporter-output>
        </test-method> <!-- beforeMethod -->
        <test-method status="PASS" signature="sink()[pri:0, instance:GroupRun.Test123.JenkinToast@100fc185]" name="sink" duration-ms="6594" started-at="2017-08-01T23:07:57Z" finished-at="2017-08-01T23:08:04Z">
          <reporter-output>
          </reporter-output>
        </test-method> <!-- sink -->
        <test-method status="PASS" signature="afterMethod()[pri:0, instance:GroupRun.Test123.JenkinToast@100fc185]" name="afterMethod" is-config="true" duration-ms="2396" started-at="2017-08-01T23:08:04Z" finished-at="2017-08-01T23:08:06Z">
          <reporter-output>
          </reporter-output>
        </test-method> <!-- afterMethod -->
      </class> <!-- GroupRun.Test123.JenkinToast -->
    </test> <!-- Test -->
  </suite> <!-- Suite -->
</testng-results>
